<?xml version="1.0" encoding="UTF-8"?>
<!-- Generated by org.testng.reporters.JUnitReportReporter -->
<testsuite skipped="0" hostname="DESKTOP-IN91SO8" name="testRunner.TestRunner" tests="1" failures="0" timestamp="01 Aug 2019 07:19:44 GMT" time="61.378" errors="0">
  <testcase name="feature" time="61.378" classname="testRunner.TestRunner"/>
</testsuite> <!-- testRunner.TestRunner -->
